-------------------------------------------------------------------------------
Test set: br.ufal.ic.testingtools.stack.ComputersTest
-------------------------------------------------------------------------------
Tests run: 2, Failures: 0, Errors: 1, Skipped: 0, Time elapsed: 0.198 s <<< FAILURE! - in br.ufal.ic.testingtools.stack.ComputersTest
testTimeRestrictionMainFrame  Time elapsed: 0 s  <<< ERROR!
org.junit.runners.model.TestTimedOutException: test timed out after 50 milliseconds
	at br.ufal.ic.testingtools.stack.ComputersTest.testTimeRestrictionMainFrame(ComputersTest.java:12)

