<?xml version="1.0" encoding="UTF-8"?>
<testsuite xmlns:xsi="http://www.w3.org/2001/XMLSchema-instance" xsi:noNamespaceSchemaLocation="https://maven.apache.org/surefire/maven-surefire-plugin/xsd/surefire-test-report.xsd" name="br.ufal.ic.testingtools.stack.ComputersTest" time="0.198" tests="2" errors="1" skipped="0" failures="0">
  <properties>
[...]
</properties>
  <testcase name="testTimeRestrictionMainFrame" classname="br.ufal.ic.testingtools.stack.ComputersTest" time="0">
    <error message="test timed out after 50 milliseconds" type="org.junit.runners.model.TestTimedOutException">org.junit.runners.model.TestTimedOutException: test timed out after 50 milliseconds
	at br.ufal.ic.testingtools.stack.ComputersTest.testTimeRestrictionMainFrame(ComputersTest.java:12)
</error>
  </testcase>
  <testcase name="testTimeRestrictionDesktop" classname="br.ufal.ic.testingtools.stack.ComputersTest" time="0.191"/>
</testsuite>